[2025-08-23 16:13:46] EMPLOYEE_LOGIN_SUCCESS - User: sunil_user - Employee ID: 1
[2025-08-23 16:15:31] ATTENDANCE_ACCESS_REQUEST - User: sunil_user - Employee ID: 1
[2025-08-23 16:18:05] LOGOUT - User: sunil_user - Session duration: 0:04:18.338090
[2025-08-23 16:18:12] EMPLOYEE_LOGIN_SUCCESS - User: padmaja_user - Employee ID: 9
[2025-08-23 16:18:21] ATTENDANCE_ACCESS_REQUEST - User: padmaja_user - Employee ID: 9
[2025-08-23 16:20:43] LOGOUT - User: padmaja_user - Session duration: 0:02:31.238408
[2025-08-23 16:21:01] EMPLOYEE_LOGIN_SUCCESS - User: shivaji_user - Employee ID: 2
[2025-08-23 16:21:06] ATTENDANCE_ACCESS_REQUEST - User: shivaji_user - Employee ID: 2
[2025-08-23 16:22:23] LOGOUT - User: shivaji_user - Session duration: 0:01:21.663775
[2025-08-23 16:22:31] EMPLOYEE_LOGIN_SUCCESS - User: sunil_user - Employee ID: 1
[2025-08-23 16:22:36] ATTENDANCE_ACCESS_REQUEST - User: sunil_user - Employee ID: 1
[2025-08-23 16:29:52] LOGOUT - User: sunil_user - Session duration: 0:07:20.693553
[2025-08-23 16:30:07] EMPLOYEE_LOGIN_SUCCESS - User: sunil_user - Employee ID: 1
[2025-08-23 16:32:26] LOGOUT - User: sunil_user - Session duration: 0:02:18.757356
[2025-08-23 16:32:43] EMPLOYEE_LOGIN_SUCCESS - User: sunil_user - Employee ID: 1
[2025-08-23 16:47:36] LOGOUT - User: sunil_user - Session duration: 0:14:52.745012
[2025-08-23 16:47:58] EMPLOYEE_LOGIN_SUCCESS - User: sunil_user - Employee ID: 1
[2025-08-23 16:49:29] LOGOUT - User: sunil_user - Session duration: 0:01:30.615351
[2025-08-23 16:49:49] ADMIN_LOGIN_SUCCESS - User: prashant_user - 
[2025-08-23 16:51:30] LOGOUT - User: prashant_user - Session duration: 0:01:41.047037
[2025-08-23 16:52:38] EMPLOYEE_LOGIN_SUCCESS - User: padmaja_user - Employee ID: 9
[2025-08-23 16:52:55] ATTENDANCE_ACCESS_REQUEST - User: padmaja_user - Employee ID: 9
[2025-08-23 16:54:03] LOGOUT - User: padmaja_user - Session duration: 0:01:24.620578
[2025-08-23 16:54:10] EMPLOYEE_LOGIN_SUCCESS - User: padmaja_user - Employee ID: 9
[2025-08-23 16:54:15] ATTENDANCE_ACCESS_REQUEST - User: padmaja_user - Employee ID: 9
[2025-08-23 16:59:44] LOGOUT - User: padmaja_user - Session duration: 0:05:33.837764
[2025-08-23 17:00:01] EMPLOYEE_LOGIN_SUCCESS - User: padmaja_user - Employee ID: 9
[2025-08-23 17:00:05] ATTENDANCE_ACCESS_REQUEST - User: padmaja_user - Employee ID: 9
[2025-08-23 17:03:54] LOGOUT - User: padmaja_user - Session duration: 0:03:53.145511
[2025-08-23 17:04:23] EMPLOYEE_LOGIN_SUCCESS - User: sunil_user - Employee ID: 1
[2025-08-23 17:04:27] ATTENDANCE_ACCESS_REQUEST - User: sunil_user - Employee ID: 1
[2025-08-23 17:08:31] EMPLOYEE_LOGIN_SUCCESS - User: sunil_user - Employee ID: 1
[2025-08-23 17:08:38] ATTENDANCE_ACCESS_REQUEST - User: sunil_user - Employee ID: 1
[2025-08-23 17:11:51] LOGOUT - User: sunil_user - Session duration: 0:03:19.453085
[2025-08-23 17:11:57] EMPLOYEE_LOGIN_SUCCESS - User: padmaja_user - Employee ID: 9
[2025-08-23 17:12:02] ATTENDANCE_ACCESS_REQUEST - User: padmaja_user - Employee ID: 9
[2025-08-23 17:15:07] LOGOUT - User: padmaja_user - Session duration: 0:03:10.208590
[2025-08-23 17:15:26] EMPLOYEE_LOGIN_SUCCESS - User: sunil_user - Employee ID: 1
[2025-08-23 17:15:31] ATTENDANCE_ACCESS_REQUEST - User: sunil_user - Employee ID: 1
[2025-08-23 17:15:51] LOGOUT - User: sunil_user - Session duration: 0:00:25.190975
[2025-08-23 23:12:17] EMPLOYEE_LOGIN_SUCCESS - User: sunil_user - Employee ID: 1
[2025-08-23 23:12:26] ATTENDANCE_ACCESS_REQUEST - User: sunil_user - Employee ID: 1
[2025-08-23 23:30:51] LOGOUT - User: sunil_user - Session duration: 0:18:34.373340
[2025-08-23 23:31:08] EMPLOYEE_LOGIN_SUCCESS - User: padmaja_user - Employee ID: 9
[2025-08-23 23:31:13] ATTENDANCE_ACCESS_REQUEST - User: padmaja_user - Employee ID: 9
[2025-08-23 23:33:46] LOGOUT - User: padmaja_user - Session duration: 0:02:37.139771
[2025-08-23 23:34:02] EMPLOYEE_LOGIN_SUCCESS - User: sunil_user - Employee ID: 1
[2025-08-23 23:34:07] ATTENDANCE_ACCESS_REQUEST - User: sunil_user - Employee ID: 1
[2025-08-23 23:50:48] EMPLOYEE_LOGIN_SUCCESS - User: padmaja_user - Employee ID: 9
[2025-08-23 23:50:55] ATTENDANCE_ACCESS_REQUEST - User: padmaja_user - Employee ID: 9
[2025-08-23 23:57:57] EMPLOYEE_LOGIN_SUCCESS - User: sunil_user - Employee ID: 1
[2025-08-23 23:58:17] ATTENDANCE_ACCESS_REQUEST - User: sunil_user - Employee ID: 1
[2025-08-24 00:02:28] ATTENDANCE_ACCESS_REQUEST - User: sunil_user - Employee ID: 1
[2025-08-24 00:02:57] LOGOUT - User: sunil_user - Session duration: 0:04:59.470630
[2025-08-24 00:03:15] EMPLOYEE_LOGIN_SUCCESS - User: padmaja_user - Employee ID: 9
[2025-08-24 00:03:39] ATTENDANCE_ACCESS_REQUEST - User: padmaja_user - Employee ID: 9
[2025-08-24 00:07:47] LOGOUT - User: padmaja_user - Session duration: 0:04:32.118298
[2025-08-24 00:09:28] EMPLOYEE_LOGIN_SUCCESS - User: padmaja_user - Employee ID: 9
[2025-08-24 00:09:35] ATTENDANCE_ACCESS_REQUEST - User: padmaja_user - Employee ID: 9
[2025-08-24 00:11:20] LOGOUT - User: padmaja_user - Session duration: 0:01:51.638741
[2025-08-24 00:11:30] EMPLOYEE_LOGIN_SUCCESS - User: padmaja_user - Employee ID: 9
[2025-08-24 00:11:34] ATTENDANCE_ACCESS_REQUEST - User: padmaja_user - Employee ID: 9
[2025-08-24 00:13:50] LOGOUT - User: padmaja_user - Session duration: 0:02:20.659857
[2025-08-24 00:14:11] EMPLOYEE_LOGIN_SUCCESS - User: padmaja_user - Employee ID: 9
[2025-08-24 00:14:15] ATTENDANCE_ACCESS_REQUEST - User: padmaja_user - Employee ID: 9
[2025-08-24 16:21:07] EMPLOYEE_LOGIN_SUCCESS - User: padmaja_user - Employee ID: 9
[2025-08-24 16:21:18] ATTENDANCE_ACCESS_REQUEST - User: padmaja_user - Employee ID: 9
[2025-08-24 18:34:51] EMPLOYEE_LOGIN_SUCCESS - User: padmaja_user - Employee ID: 9
[2025-08-24 18:35:01] ATTENDANCE_ACCESS_REQUEST - User: padmaja_user - Employee ID: 9
[2025-08-24 18:36:00] EMPLOYEE_LOGIN_SUCCESS - User: padmaja_user - Employee ID: 9
[2025-08-24 18:36:05] ATTENDANCE_ACCESS_REQUEST - User: padmaja_user - Employee ID: 9
[2025-08-24 18:37:36] EMPLOYEE_LOGIN_SUCCESS - User: padmaja_user - Employee ID: 9
[2025-08-24 18:37:42] ATTENDANCE_ACCESS_REQUEST - User: padmaja_user - Employee ID: 9
[2025-08-24 18:43:27] LOGOUT - User: padmaja_user - Session duration: 0:05:51.842477
[2025-08-24 18:43:36] ADMIN_LOGIN_SUCCESS - User: prashant_user - 
[2025-08-24 18:44:08] LOGOUT - User: prashant_user - Session duration: 0:00:31.956808
[2025-08-24 18:44:17] EMPLOYEE_LOGIN_SUCCESS - User: sunil_user - Employee ID: 1
[2025-08-24 22:26:53] EMPLOYEE_LOGIN_SUCCESS - User: padmaja_user - Employee ID: 9
[2025-08-24 22:39:56] ATTENDANCE_ACCESS_REQUEST - User: padmaja_user - Employee ID: 9
[2025-08-25 00:35:35] ADMIN_LOGIN_SUCCESS - User: prashant_user - 
[2025-08-25 00:39:41] ADMIN_LOGIN_SUCCESS - User: prashant_user - 
[2025-08-25 00:49:47] EMPLOYEE_LOGIN_SUCCESS - User: padmaja_user - Employee ID: 9
[2025-08-25 00:49:55] ATTENDANCE_ACCESS_REQUEST - User: padmaja_user - Employee ID: 9
2025-08-25 00:50:03,050 - security - INFO - log_security_event:2653 - LOCATION_VERIFIED - 9 - padmaja_user - Location: Main Office Mumbai, Distance: 0.0m
2025-08-25 00:50:03,050 - security - INFO - log_security_event:2653 - LOCATION_VERIFIED - 9 - padmaja_user - Location: Main Office Mumbai, Distance: 0.0m
2025-08-25 00:50:03,050 - security - INFO - log_security_event:2653 - LOCATION_VERIFIED - 9 - padmaja_user - Location: Main Office Mumbai, Distance: 0.0m
2025-08-25 00:50:03,050 - security - INFO - log_security_event:2653 - LOCATION_VERIFIED - 9 - padmaja_user - Location: Main Office Mumbai, Distance: 0.0m
2025-08-25 00:50:03,050 - security - INFO - log_security_event:2653 - LOCATION_VERIFIED - 9 - padmaja_user - Location: Main Office Mumbai, Distance: 0.0m
[2025-08-25 00:51:35] EMPLOYEE_LOGIN_SUCCESS - User: padmaja_user - Employee ID: 9
[2025-08-25 00:51:47] ATTENDANCE_ACCESS_REQUEST - User: padmaja_user - Employee ID: 9
2025-08-25 00:51:52,520 - security - INFO - log_security_event:2653 - LOCATION_VERIFIED - 9 - padmaja_user - Location: Main Office Mumbai, Distance: 0.0m
2025-08-25 00:51:52,520 - security - INFO - log_security_event:2653 - LOCATION_VERIFIED - 9 - padmaja_user - Location: Main Office Mumbai, Distance: 0.0m
2025-08-25 00:51:52,520 - security - INFO - log_security_event:2653 - LOCATION_VERIFIED - 9 - padmaja_user - Location: Main Office Mumbai, Distance: 0.0m
2025-08-25 00:51:52,520 - security - INFO - log_security_event:2653 - LOCATION_VERIFIED - 9 - padmaja_user - Location: Main Office Mumbai, Distance: 0.0m
2025-08-25 00:51:52,520 - security - INFO - log_security_event:2653 - LOCATION_VERIFIED - 9 - padmaja_user - Location: Main Office Mumbai, Distance: 0.0m
[2025-08-25 00:52:57] LOGOUT - User: padmaja_user - Session duration: 0:01:22.832276
[2025-08-25 00:53:14] ADMIN_LOGIN_SUCCESS - User: prashant_user - 
[2025-08-25 04:43:18] ADMIN_LOGIN_SUCCESS - User: prashant_user - 
[2025-08-25 04:44:23] LOGOUT - User: prashant_user - Session duration: 0:01:04.242611
[2025-08-25 04:44:30] EMPLOYEE_LOGIN_SUCCESS - User: padmaja_user - Employee ID: 9
[2025-08-25 04:44:35] ATTENDANCE_ACCESS_REQUEST - User: padmaja_user - Employee ID: 9
[2025-08-25 04:46:25] EMPLOYEE_LOGIN_SUCCESS - User: padmaja_user - Employee ID: 9
[2025-08-25 04:46:41] ATTENDANCE_ACCESS_REQUEST - User: padmaja_user - Employee ID: 9
2025-08-25 04:46:58,708 - security - INFO - log_security_event:2653 - LOCATION_VERIFIED - 9 - padmaja_user - Location: Main Office Mumbai, Distance: 0.0m
